<?xml version="1.0" encoding="UTF-8"?>
<!-- Generated by org.testng.reporters.JUnitReportReporter -->
<testsuite skipped="0" hostname="DESKTOP-MD2IV3J" name="com.jakartalabs.fullstack_automation.TestNGExamples" tests="1" failures="0" timestamp="2021-02-27T14:57:39 ICT" time="0.005" errors="0">
  <testcase name="test2" time="0.005" classname="com.jakartalabs.fullstack_automation.TestNGExamples"/>
  <system-out/>
</testsuite> <!-- com.jakartalabs.fullstack_automation.TestNGExamples -->
